<?xml version="1.0" encoding="UTF-8"?>
<!-- Generated by org.testng.reporters.JUnitXMLReporter -->
<testsuite hostname="ATMECSINDT-046" ignored="0" name="chrome" tests="2" failures="1" timestamp="07 Nov 2019 08:14:06 GMT" time="41.484" errors="0">
  <testcase name="suitemethod" time="0.0" classname="com.atmecs.assessment_automation.helpers.Suites">
    <failure type="java.lang.Error" message="Unresolved compilation problem: 
	Testscript cannot be resolved to a type
">
      <![CDATA[java.lang.Error: Unresolved compilation problem: 
Testscript cannot be resolved to a type

at com.atmecs.assessment_automation.helpers.Suites.suitemethod(Suites.java:50)
at java.util.concurrent.FutureTask.run(Unknown Source)
at java.util.concurrent.ThreadPoolExecutor.runWorker(Unknown Source)
at java.util.concurrent.ThreadPoolExecutor$Worker.run(Unknown Source)
at java.lang.Thread.run(Unknown Source)
... Removed 16 stack frames]]>
    </failure>
  </testcase> <!-- suitemethod -->
  <testcase name="validation" time="7.288" classname="com.atmecs.assessment_automation.testscripts.Testscript"/>
</testsuite> <!-- chrome -->
