<?xml version="1.0" encoding="UTF-8"?>
<!-- Generated by org.testng.reporters.JUnitXMLReporter -->
<testsuite hostname="ATMECSINDT-046" ignored="0" name="ie" tests="1" failures="0" timestamp="06 Nov 2019 09:54:12 GMT" time="0.012" errors="0">
  <testcase name="@BeforeMethod initializeBrowser" time="0.007" classname="com.atmecs.assessment_automation.testbase.BrowserInvoke">
    <failure type="java.lang.NullPointerException">
      <![CDATA[java.lang.NullPointerException
at com.atmecs.assessment_automation.testbase.BrowserInvoke.initializeBrowser(BrowserInvoke.java:58)
at java.util.concurrent.FutureTask.run(Unknown Source)
at java.util.concurrent.ThreadPoolExecutor.runWorker(Unknown Source)
at java.util.concurrent.ThreadPoolExecutor$Worker.run(Unknown Source)
at java.lang.Thread.run(Unknown Source)
... Removed 19 stack frames]]>
    </failure>
  </testcase> <!-- @BeforeMethod initializeBrowser -->
  <testcase name="listofWebElements" time="0.0" classname="com.atmecs.assessment_automation.testscripts.Testscript">
    <skipped/>
  </testcase> <!-- listofWebElements -->
</testsuite> <!-- ie -->
