<?xml version="1.0" encoding="UTF-8"?>
<testng-results skipped="0" failed="0" ignored="0" total="1" passed="1">
  <reporter-output>
  </reporter-output>
  <suite name="Default suite" duration-ms="5957" started-at="2019-11-25T16:54:48Z" finished-at="2019-11-25T16:54:53Z">
    <groups>
    </groups>
    <test name="Default test" duration-ms="5957" started-at="2019-11-25T16:54:48Z" finished-at="2019-11-25T16:54:53Z">
      <class name="com.atmecs.assessmenttask.testscripts.PolicyDateEvaluator">
        <test-method status="PASS" signature="initializeBrowser()[pri:0, instance:com.atmecs.assessmenttask.testscripts.PolicyDateEvaluator@175b9425]" name="initializeBrowser" is-config="true" duration-ms="5622" started-at="2019-11-25T16:54:48Z" finished-at="2019-11-25T16:54:53Z">
          <reporter-output>
          </reporter-output>
        </test-method> <!-- initializeBrowser -->
        <test-method status="PASS" signature="policyDateEvaluator()[pri:0, instance:com.atmecs.assessmenttask.testscripts.PolicyDateEvaluator@175b9425]" name="policyDateEvaluator" duration-ms="288" started-at="2019-11-25T16:54:53Z" finished-at="2019-11-25T16:54:53Z">
          <reporter-output>
          </reporter-output>
        </test-method> <!-- policyDateEvaluator -->
      </class> <!-- com.atmecs.assessmenttask.testscripts.PolicyDateEvaluator -->
    </test> <!-- Default test -->
  </suite> <!-- Default suite -->
</testng-results>
