<?xml version="1.0" encoding="UTF-8"?>
<testng-results skipped="0" failed="0" ignored="0" total="1" passed="1">
  <reporter-output>
  </reporter-output>
  <suite name="Default suite" duration-ms="18925" started-at="2019-11-23T07:25:25Z" finished-at="2019-11-23T07:25:44Z">
    <groups>
    </groups>
    <test name="Default test" duration-ms="18925" started-at="2019-11-23T07:25:25Z" finished-at="2019-11-23T07:25:44Z">
      <class name="com.atmecs.assessmenttask.testscripts.Testscript">
        <test-method status="PASS" signature="initializeBrowser()[pri:0, instance:com.atmecs.assessmenttask.testscripts.Testscript@4b4523f8]" name="initializeBrowser" is-config="true" duration-ms="15797" started-at="2019-11-23T07:25:25Z" finished-at="2019-11-23T07:25:41Z">
          <reporter-output>
          </reporter-output>
        </test-method> <!-- initializeBrowser -->
        <test-method status="PASS" signature="bookingAutomation()[pri:0, instance:com.atmecs.assessmenttask.testscripts.Testscript@4b4523f8]" name="bookingAutomation" duration-ms="3095" started-at="2019-11-23T07:25:41Z" finished-at="2019-11-23T07:25:44Z">
          <reporter-output>
          </reporter-output>
        </test-method> <!-- bookingAutomation -->
      </class> <!-- com.atmecs.assessmenttask.testscripts.Testscript -->
    </test> <!-- Default test -->
  </suite> <!-- Default suite -->
</testng-results>
